2017-12-02 19:23:06,938 [WARN] from application in play-dev-mode-akka.actor.default-dispatcher-3 - application.conf @ file:/C:/Users/551br/Documents/Repos/play/primero/target/scala-2.12/classes/application.conf: 7: user is deprecated, use username instead
2017-12-02 19:23:06,939 [WARN] from application in play-dev-mode-akka.actor.default-dispatcher-3 - application.conf @ file:/C:/Users/551br/Documents/Repos/play/primero/target/scala-2.12/classes/application.conf: 8: pass is deprecated, use password instead
2017-12-02 19:23:06,957 [INFO] from application in play-dev-mode-akka.actor.default-dispatcher-3 - Creating Pool for datasource 'default'
2017-12-02 19:23:07,537 [INFO] from play.api.db.HikariCPConnectionPool in play-dev-mode-akka.actor.default-dispatcher-3 - datasource [default] bound to JNDI as DefaultDS
2017-12-02 19:23:07,552 [INFO] from play.api.db.DefaultDBApi in play-dev-mode-akka.actor.default-dispatcher-3 - Database [default] connected at jdbc:postgresql://localhost:5432/AppDb
2017-12-02 19:23:09,127 [WARN] from org.hibernate.validator.messageinterpolation.ParameterMessageInterpolator in play-dev-mode-akka.actor.default-dispatcher-3 - HV000184: ParameterMessageInterpolator has been chosen, EL interpolation will not be supported
2017-12-02 19:23:09,257 [INFO] from play.api.http.EnabledFilters in play-dev-mode-akka.actor.default-dispatcher-3 - Enabled Filters (see <https://www.playframework.com/documentation/latest/Filters>):

    play.filters.csrf.CSRFFilter
    play.filters.headers.SecurityHeadersFilter
    play.filters.hosts.AllowedHostsFilter
    play.filters.csrf.CSRFFilter

2017-12-02 19:23:09,262 [INFO] from play.api.Play in play-dev-mode-akka.actor.default-dispatcher-3 - Application started (Dev)
2017-12-02 19:25:07,241 [INFO] from application in play-dev-mode-akka.actor.default-dispatcher-7 - Shutting down connection pool.
2017-12-02 19:25:07,439 [WARN] from application in play-dev-mode-akka.actor.default-dispatcher-7 - application.conf @ file:/C:/Users/551br/Documents/Repos/play/primero/target/scala-2.12/classes/application.conf: 7: user is deprecated, use username instead
2017-12-02 19:25:07,439 [WARN] from application in play-dev-mode-akka.actor.default-dispatcher-7 - application.conf @ file:/C:/Users/551br/Documents/Repos/play/primero/target/scala-2.12/classes/application.conf: 8: pass is deprecated, use password instead
2017-12-02 19:25:07,439 [INFO] from application in play-dev-mode-akka.actor.default-dispatcher-7 - Creating Pool for datasource 'default'
2017-12-02 19:25:07,476 [INFO] from play.api.db.HikariCPConnectionPool in play-dev-mode-akka.actor.default-dispatcher-7 - datasource [default] bound to JNDI as DefaultDS
2017-12-02 19:25:07,477 [INFO] from play.api.db.DefaultDBApi in play-dev-mode-akka.actor.default-dispatcher-7 - Database [default] connected at jdbc:postgresql://localhost:5432/AppDb
2017-12-02 19:25:07,643 [WARN] from org.hibernate.validator.messageinterpolation.ParameterMessageInterpolator in play-dev-mode-akka.actor.default-dispatcher-7 - HV000184: ParameterMessageInterpolator has been chosen, EL interpolation will not be supported
2017-12-02 19:25:07,655 [INFO] from play.api.http.EnabledFilters in play-dev-mode-akka.actor.default-dispatcher-7 - Enabled Filters (see <https://www.playframework.com/documentation/latest/Filters>):

    play.filters.csrf.CSRFFilter
    play.filters.headers.SecurityHeadersFilter
    play.filters.hosts.AllowedHostsFilter
    play.filters.csrf.CSRFFilter

2017-12-02 19:25:07,656 [INFO] from play.api.Play in play-dev-mode-akka.actor.default-dispatcher-7 - Application started (Dev)
2017-12-02 19:25:47,948 [INFO] from application in play-dev-mode-akka.actor.default-dispatcher-35 - Shutting down connection pool.
2017-12-02 19:25:48,146 [WARN] from application in play-dev-mode-akka.actor.default-dispatcher-35 - application.conf @ file:/C:/Users/551br/Documents/Repos/play/primero/target/scala-2.12/classes/application.conf: 7: user is deprecated, use username instead
2017-12-02 19:25:48,146 [WARN] from application in play-dev-mode-akka.actor.default-dispatcher-35 - application.conf @ file:/C:/Users/551br/Documents/Repos/play/primero/target/scala-2.12/classes/application.conf: 8: pass is deprecated, use password instead
2017-12-02 19:25:48,146 [INFO] from application in play-dev-mode-akka.actor.default-dispatcher-35 - Creating Pool for datasource 'default'
2017-12-02 19:25:48,189 [INFO] from play.api.db.HikariCPConnectionPool in play-dev-mode-akka.actor.default-dispatcher-35 - datasource [default] bound to JNDI as DefaultDS
2017-12-02 19:25:48,189 [INFO] from play.api.db.DefaultDBApi in play-dev-mode-akka.actor.default-dispatcher-35 - Database [default] connected at jdbc:postgresql://localhost:5432/AppDb
2017-12-02 19:25:48,300 [WARN] from org.hibernate.validator.messageinterpolation.ParameterMessageInterpolator in play-dev-mode-akka.actor.default-dispatcher-35 - HV000184: ParameterMessageInterpolator has been chosen, EL interpolation will not be supported
2017-12-02 19:25:48,313 [INFO] from play.api.http.EnabledFilters in play-dev-mode-akka.actor.default-dispatcher-35 - Enabled Filters (see <https://www.playframework.com/documentation/latest/Filters>):

    play.filters.csrf.CSRFFilter
    play.filters.headers.SecurityHeadersFilter
    play.filters.hosts.AllowedHostsFilter
    play.filters.csrf.CSRFFilter

2017-12-02 19:25:48,314 [INFO] from play.api.Play in play-dev-mode-akka.actor.default-dispatcher-35 - Application started (Dev)
2017-12-02 19:26:01,169 [INFO] from application in play-dev-mode-akka.actor.default-dispatcher-33 - Shutting down connection pool.
2017-12-02 19:26:01,359 [WARN] from application in play-dev-mode-akka.actor.default-dispatcher-33 - application.conf @ file:/C:/Users/551br/Documents/Repos/play/primero/target/scala-2.12/classes/application.conf: 7: user is deprecated, use username instead
2017-12-02 19:26:01,359 [WARN] from application in play-dev-mode-akka.actor.default-dispatcher-33 - application.conf @ file:/C:/Users/551br/Documents/Repos/play/primero/target/scala-2.12/classes/application.conf: 8: pass is deprecated, use password instead
2017-12-02 19:26:01,359 [INFO] from application in play-dev-mode-akka.actor.default-dispatcher-33 - Creating Pool for datasource 'default'
2017-12-02 19:26:01,399 [INFO] from play.api.db.HikariCPConnectionPool in play-dev-mode-akka.actor.default-dispatcher-33 - datasource [default] bound to JNDI as DefaultDS
2017-12-02 19:26:01,400 [INFO] from play.api.db.DefaultDBApi in play-dev-mode-akka.actor.default-dispatcher-33 - Database [default] connected at jdbc:postgresql://localhost:5432/AppDb
2017-12-02 19:26:01,506 [WARN] from org.hibernate.validator.messageinterpolation.ParameterMessageInterpolator in play-dev-mode-akka.actor.default-dispatcher-33 - HV000184: ParameterMessageInterpolator has been chosen, EL interpolation will not be supported
2017-12-02 19:26:01,518 [INFO] from play.api.http.EnabledFilters in play-dev-mode-akka.actor.default-dispatcher-33 - Enabled Filters (see <https://www.playframework.com/documentation/latest/Filters>):

    play.filters.csrf.CSRFFilter
    play.filters.headers.SecurityHeadersFilter
    play.filters.hosts.AllowedHostsFilter
    play.filters.csrf.CSRFFilter

2017-12-02 19:26:01,519 [INFO] from play.api.Play in play-dev-mode-akka.actor.default-dispatcher-33 - Application started (Dev)
2017-12-02 19:26:20,406 [INFO] from application in play-dev-mode-akka.actor.default-dispatcher-19 - Shutting down connection pool.
2017-12-02 19:26:20,531 [WARN] from application in play-dev-mode-akka.actor.default-dispatcher-19 - application.conf @ file:/C:/Users/551br/Documents/Repos/play/primero/target/scala-2.12/classes/application.conf: 7: user is deprecated, use username instead
2017-12-02 19:26:20,532 [WARN] from application in play-dev-mode-akka.actor.default-dispatcher-19 - application.conf @ file:/C:/Users/551br/Documents/Repos/play/primero/target/scala-2.12/classes/application.conf: 8: pass is deprecated, use password instead
2017-12-02 19:26:20,532 [INFO] from application in play-dev-mode-akka.actor.default-dispatcher-19 - Creating Pool for datasource 'default'
2017-12-02 19:26:20,566 [INFO] from play.api.db.HikariCPConnectionPool in play-dev-mode-akka.actor.default-dispatcher-19 - datasource [default] bound to JNDI as DefaultDS
2017-12-02 19:26:20,566 [INFO] from play.api.db.DefaultDBApi in play-dev-mode-akka.actor.default-dispatcher-19 - Database [default] connected at jdbc:postgresql://localhost:5432/AppDb
2017-12-02 19:26:20,702 [WARN] from org.hibernate.validator.messageinterpolation.ParameterMessageInterpolator in play-dev-mode-akka.actor.default-dispatcher-19 - HV000184: ParameterMessageInterpolator has been chosen, EL interpolation will not be supported
2017-12-02 19:26:20,716 [INFO] from play.api.http.EnabledFilters in play-dev-mode-akka.actor.default-dispatcher-19 - Enabled Filters (see <https://www.playframework.com/documentation/latest/Filters>):

    play.filters.csrf.CSRFFilter
    play.filters.headers.SecurityHeadersFilter
    play.filters.hosts.AllowedHostsFilter
    play.filters.csrf.CSRFFilter

2017-12-02 19:26:20,716 [INFO] from play.api.Play in play-dev-mode-akka.actor.default-dispatcher-19 - Application started (Dev)
2017-12-02 19:26:41,796 [INFO] from application in play-dev-mode-akka.actor.default-dispatcher-18 - Shutting down connection pool.
2017-12-02 19:26:41,928 [WARN] from application in play-dev-mode-akka.actor.default-dispatcher-18 - application.conf @ file:/C:/Users/551br/Documents/Repos/play/primero/target/scala-2.12/classes/application.conf: 7: user is deprecated, use username instead
2017-12-02 19:26:41,928 [WARN] from application in play-dev-mode-akka.actor.default-dispatcher-18 - application.conf @ file:/C:/Users/551br/Documents/Repos/play/primero/target/scala-2.12/classes/application.conf: 8: pass is deprecated, use password instead
2017-12-02 19:26:41,928 [INFO] from application in play-dev-mode-akka.actor.default-dispatcher-18 - Creating Pool for datasource 'default'
2017-12-02 19:26:41,965 [INFO] from play.api.db.HikariCPConnectionPool in play-dev-mode-akka.actor.default-dispatcher-18 - datasource [default] bound to JNDI as DefaultDS
2017-12-02 19:26:41,965 [INFO] from play.api.db.DefaultDBApi in play-dev-mode-akka.actor.default-dispatcher-18 - Database [default] connected at jdbc:postgresql://localhost:5432/AppDb
2017-12-02 19:26:42,087 [WARN] from org.hibernate.validator.messageinterpolation.ParameterMessageInterpolator in play-dev-mode-akka.actor.default-dispatcher-18 - HV000184: ParameterMessageInterpolator has been chosen, EL interpolation will not be supported
2017-12-02 19:26:42,099 [INFO] from play.api.http.EnabledFilters in play-dev-mode-akka.actor.default-dispatcher-18 - Enabled Filters (see <https://www.playframework.com/documentation/latest/Filters>):

    play.filters.csrf.CSRFFilter
    play.filters.headers.SecurityHeadersFilter
    play.filters.hosts.AllowedHostsFilter
    play.filters.csrf.CSRFFilter

2017-12-02 19:26:42,099 [INFO] from play.api.Play in play-dev-mode-akka.actor.default-dispatcher-18 - Application started (Dev)
2017-12-02 19:26:57,058 [INFO] from application in play-dev-mode-akka.actor.default-dispatcher-10 - Shutting down connection pool.
2017-12-02 19:26:57,180 [WARN] from application in play-dev-mode-akka.actor.default-dispatcher-10 - application.conf @ file:/C:/Users/551br/Documents/Repos/play/primero/target/scala-2.12/classes/application.conf: 7: user is deprecated, use username instead
2017-12-02 19:26:57,180 [WARN] from application in play-dev-mode-akka.actor.default-dispatcher-10 - application.conf @ file:/C:/Users/551br/Documents/Repos/play/primero/target/scala-2.12/classes/application.conf: 8: pass is deprecated, use password instead
2017-12-02 19:26:57,181 [INFO] from application in play-dev-mode-akka.actor.default-dispatcher-10 - Creating Pool for datasource 'default'
2017-12-02 19:26:57,215 [INFO] from play.api.db.HikariCPConnectionPool in play-dev-mode-akka.actor.default-dispatcher-10 - datasource [default] bound to JNDI as DefaultDS
2017-12-02 19:26:57,215 [INFO] from play.api.db.DefaultDBApi in play-dev-mode-akka.actor.default-dispatcher-10 - Database [default] connected at jdbc:postgresql://localhost:5432/AppDb
2017-12-02 19:26:57,348 [WARN] from org.hibernate.validator.messageinterpolation.ParameterMessageInterpolator in play-dev-mode-akka.actor.default-dispatcher-10 - HV000184: ParameterMessageInterpolator has been chosen, EL interpolation will not be supported
2017-12-02 19:26:57,359 [INFO] from play.api.http.EnabledFilters in play-dev-mode-akka.actor.default-dispatcher-10 - Enabled Filters (see <https://www.playframework.com/documentation/latest/Filters>):

    play.filters.csrf.CSRFFilter
    play.filters.headers.SecurityHeadersFilter
    play.filters.hosts.AllowedHostsFilter
    play.filters.csrf.CSRFFilter

2017-12-02 19:26:57,360 [INFO] from play.api.Play in play-dev-mode-akka.actor.default-dispatcher-10 - Application started (Dev)
2017-12-02 19:27:11,936 [INFO] from application in play-dev-mode-akka.actor.default-dispatcher-9 - Shutting down connection pool.
2017-12-02 19:27:12,110 [WARN] from application in play-dev-mode-akka.actor.default-dispatcher-9 - application.conf @ file:/C:/Users/551br/Documents/Repos/play/primero/target/scala-2.12/classes/application.conf: 7: user is deprecated, use username instead
2017-12-02 19:27:12,110 [WARN] from application in play-dev-mode-akka.actor.default-dispatcher-9 - application.conf @ file:/C:/Users/551br/Documents/Repos/play/primero/target/scala-2.12/classes/application.conf: 8: pass is deprecated, use password instead
2017-12-02 19:27:12,110 [INFO] from application in play-dev-mode-akka.actor.default-dispatcher-9 - Creating Pool for datasource 'default'
2017-12-02 19:27:12,144 [INFO] from play.api.db.HikariCPConnectionPool in play-dev-mode-akka.actor.default-dispatcher-9 - datasource [default] bound to JNDI as DefaultDS
2017-12-02 19:27:12,144 [INFO] from play.api.db.DefaultDBApi in play-dev-mode-akka.actor.default-dispatcher-9 - Database [default] connected at jdbc:postgresql://localhost:5432/AppDb
2017-12-02 19:27:12,233 [WARN] from org.hibernate.validator.messageinterpolation.ParameterMessageInterpolator in play-dev-mode-akka.actor.default-dispatcher-9 - HV000184: ParameterMessageInterpolator has been chosen, EL interpolation will not be supported
2017-12-02 19:27:12,243 [INFO] from play.api.http.EnabledFilters in play-dev-mode-akka.actor.default-dispatcher-9 - Enabled Filters (see <https://www.playframework.com/documentation/latest/Filters>):

    play.filters.csrf.CSRFFilter
    play.filters.headers.SecurityHeadersFilter
    play.filters.hosts.AllowedHostsFilter
    play.filters.csrf.CSRFFilter

2017-12-02 19:27:12,244 [INFO] from play.api.Play in play-dev-mode-akka.actor.default-dispatcher-9 - Application started (Dev)
2017-12-02 19:27:29,967 [INFO] from application in play-dev-mode-akka.actor.default-dispatcher-9 - Shutting down connection pool.
2017-12-02 19:27:30,068 [WARN] from application in play-dev-mode-akka.actor.default-dispatcher-9 - application.conf @ file:/C:/Users/551br/Documents/Repos/play/primero/target/scala-2.12/classes/application.conf: 7: user is deprecated, use username instead
2017-12-02 19:27:30,068 [WARN] from application in play-dev-mode-akka.actor.default-dispatcher-9 - application.conf @ file:/C:/Users/551br/Documents/Repos/play/primero/target/scala-2.12/classes/application.conf: 8: pass is deprecated, use password instead
2017-12-02 19:27:30,069 [INFO] from application in play-dev-mode-akka.actor.default-dispatcher-9 - Creating Pool for datasource 'default'
2017-12-02 19:27:30,103 [INFO] from play.api.db.HikariCPConnectionPool in play-dev-mode-akka.actor.default-dispatcher-9 - datasource [default] bound to JNDI as DefaultDS
2017-12-02 19:27:30,103 [INFO] from play.api.db.DefaultDBApi in play-dev-mode-akka.actor.default-dispatcher-9 - Database [default] connected at jdbc:postgresql://localhost:5432/AppDb
2017-12-02 19:27:30,246 [WARN] from org.hibernate.validator.messageinterpolation.ParameterMessageInterpolator in play-dev-mode-akka.actor.default-dispatcher-9 - HV000184: ParameterMessageInterpolator has been chosen, EL interpolation will not be supported
2017-12-02 19:27:30,257 [INFO] from play.api.http.EnabledFilters in play-dev-mode-akka.actor.default-dispatcher-9 - Enabled Filters (see <https://www.playframework.com/documentation/latest/Filters>):

    play.filters.csrf.CSRFFilter
    play.filters.headers.SecurityHeadersFilter
    play.filters.hosts.AllowedHostsFilter
    play.filters.csrf.CSRFFilter

2017-12-02 19:27:30,257 [INFO] from play.api.Play in play-dev-mode-akka.actor.default-dispatcher-9 - Application started (Dev)
2017-12-02 19:27:46,575 [INFO] from application in play-dev-mode-akka.actor.default-dispatcher-7 - Shutting down connection pool.
2017-12-02 19:27:46,709 [WARN] from application in play-dev-mode-akka.actor.default-dispatcher-7 - application.conf @ file:/C:/Users/551br/Documents/Repos/play/primero/target/scala-2.12/classes/application.conf: 7: user is deprecated, use username instead
2017-12-02 19:27:46,709 [WARN] from application in play-dev-mode-akka.actor.default-dispatcher-7 - application.conf @ file:/C:/Users/551br/Documents/Repos/play/primero/target/scala-2.12/classes/application.conf: 8: pass is deprecated, use password instead
2017-12-02 19:27:46,709 [INFO] from application in play-dev-mode-akka.actor.default-dispatcher-7 - Creating Pool for datasource 'default'
2017-12-02 19:27:46,737 [INFO] from play.api.db.HikariCPConnectionPool in play-dev-mode-akka.actor.default-dispatcher-7 - datasource [default] bound to JNDI as DefaultDS
2017-12-02 19:27:46,737 [INFO] from play.api.db.DefaultDBApi in play-dev-mode-akka.actor.default-dispatcher-7 - Database [default] connected at jdbc:postgresql://localhost:5432/AppDb
2017-12-02 19:27:46,817 [WARN] from org.hibernate.validator.messageinterpolation.ParameterMessageInterpolator in play-dev-mode-akka.actor.default-dispatcher-7 - HV000184: ParameterMessageInterpolator has been chosen, EL interpolation will not be supported
2017-12-02 19:27:46,825 [INFO] from play.api.http.EnabledFilters in play-dev-mode-akka.actor.default-dispatcher-7 - Enabled Filters (see <https://www.playframework.com/documentation/latest/Filters>):

    play.filters.csrf.CSRFFilter
    play.filters.headers.SecurityHeadersFilter
    play.filters.hosts.AllowedHostsFilter
    play.filters.csrf.CSRFFilter

2017-12-02 19:27:46,825 [INFO] from play.api.Play in play-dev-mode-akka.actor.default-dispatcher-7 - Application started (Dev)
2017-12-02 19:28:03,776 [INFO] from application in play-dev-mode-akka.actor.default-dispatcher-3 - Shutting down connection pool.
2017-12-02 19:28:03,942 [WARN] from application in play-dev-mode-akka.actor.default-dispatcher-3 - application.conf @ file:/C:/Users/551br/Documents/Repos/play/primero/target/scala-2.12/classes/application.conf: 7: user is deprecated, use username instead
2017-12-02 19:28:03,942 [WARN] from application in play-dev-mode-akka.actor.default-dispatcher-3 - application.conf @ file:/C:/Users/551br/Documents/Repos/play/primero/target/scala-2.12/classes/application.conf: 8: pass is deprecated, use password instead
2017-12-02 19:28:03,942 [INFO] from application in play-dev-mode-akka.actor.default-dispatcher-3 - Creating Pool for datasource 'default'
2017-12-02 19:28:03,984 [INFO] from play.api.db.HikariCPConnectionPool in play-dev-mode-akka.actor.default-dispatcher-3 - datasource [default] bound to JNDI as DefaultDS
2017-12-02 19:28:03,984 [INFO] from play.api.db.DefaultDBApi in play-dev-mode-akka.actor.default-dispatcher-3 - Database [default] connected at jdbc:postgresql://localhost:5432/AppDb
2017-12-02 19:28:04,069 [WARN] from org.hibernate.validator.messageinterpolation.ParameterMessageInterpolator in play-dev-mode-akka.actor.default-dispatcher-3 - HV000184: ParameterMessageInterpolator has been chosen, EL interpolation will not be supported
2017-12-02 19:28:04,077 [INFO] from play.api.http.EnabledFilters in play-dev-mode-akka.actor.default-dispatcher-3 - Enabled Filters (see <https://www.playframework.com/documentation/latest/Filters>):

    play.filters.csrf.CSRFFilter
    play.filters.headers.SecurityHeadersFilter
    play.filters.hosts.AllowedHostsFilter
    play.filters.csrf.CSRFFilter

2017-12-02 19:28:04,077 [INFO] from play.api.Play in play-dev-mode-akka.actor.default-dispatcher-3 - Application started (Dev)
2017-12-02 19:28:29,123 [INFO] from application in play-dev-mode-akka.actor.default-dispatcher-16 - Shutting down connection pool.
2017-12-02 19:28:29,263 [WARN] from application in play-dev-mode-akka.actor.default-dispatcher-16 - application.conf @ file:/C:/Users/551br/Documents/Repos/play/primero/target/scala-2.12/classes/application.conf: 7: user is deprecated, use username instead
2017-12-02 19:28:29,263 [WARN] from application in play-dev-mode-akka.actor.default-dispatcher-16 - application.conf @ file:/C:/Users/551br/Documents/Repos/play/primero/target/scala-2.12/classes/application.conf: 8: pass is deprecated, use password instead
2017-12-02 19:28:29,263 [INFO] from application in play-dev-mode-akka.actor.default-dispatcher-16 - Creating Pool for datasource 'default'
2017-12-02 19:28:29,295 [INFO] from play.api.db.HikariCPConnectionPool in play-dev-mode-akka.actor.default-dispatcher-16 - datasource [default] bound to JNDI as DefaultDS
2017-12-02 19:28:29,295 [INFO] from play.api.db.DefaultDBApi in play-dev-mode-akka.actor.default-dispatcher-16 - Database [default] connected at jdbc:postgresql://localhost:5432/AppDb
2017-12-02 19:28:29,370 [WARN] from org.hibernate.validator.messageinterpolation.ParameterMessageInterpolator in play-dev-mode-akka.actor.default-dispatcher-16 - HV000184: ParameterMessageInterpolator has been chosen, EL interpolation will not be supported
2017-12-02 19:28:29,378 [INFO] from play.api.http.EnabledFilters in play-dev-mode-akka.actor.default-dispatcher-16 - Enabled Filters (see <https://www.playframework.com/documentation/latest/Filters>):

    play.filters.csrf.CSRFFilter
    play.filters.headers.SecurityHeadersFilter
    play.filters.hosts.AllowedHostsFilter
    play.filters.csrf.CSRFFilter

2017-12-02 19:28:29,379 [INFO] from play.api.Play in play-dev-mode-akka.actor.default-dispatcher-16 - Application started (Dev)
2017-12-02 19:28:43,428 [INFO] from application in play-dev-mode-akka.actor.default-dispatcher-30 - Shutting down connection pool.
2017-12-02 19:28:43,559 [WARN] from application in play-dev-mode-akka.actor.default-dispatcher-30 - application.conf @ file:/C:/Users/551br/Documents/Repos/play/primero/target/scala-2.12/classes/application.conf: 7: user is deprecated, use username instead
2017-12-02 19:28:43,559 [WARN] from application in play-dev-mode-akka.actor.default-dispatcher-30 - application.conf @ file:/C:/Users/551br/Documents/Repos/play/primero/target/scala-2.12/classes/application.conf: 8: pass is deprecated, use password instead
2017-12-02 19:28:43,559 [INFO] from application in play-dev-mode-akka.actor.default-dispatcher-30 - Creating Pool for datasource 'default'
2017-12-02 19:28:43,594 [INFO] from play.api.db.HikariCPConnectionPool in play-dev-mode-akka.actor.default-dispatcher-30 - datasource [default] bound to JNDI as DefaultDS
2017-12-02 19:28:43,594 [INFO] from play.api.db.DefaultDBApi in play-dev-mode-akka.actor.default-dispatcher-30 - Database [default] connected at jdbc:postgresql://localhost:5432/AppDb
2017-12-02 19:28:43,674 [WARN] from org.hibernate.validator.messageinterpolation.ParameterMessageInterpolator in play-dev-mode-akka.actor.default-dispatcher-30 - HV000184: ParameterMessageInterpolator has been chosen, EL interpolation will not be supported
2017-12-02 19:28:43,683 [INFO] from play.api.http.EnabledFilters in play-dev-mode-akka.actor.default-dispatcher-30 - Enabled Filters (see <https://www.playframework.com/documentation/latest/Filters>):

    play.filters.csrf.CSRFFilter
    play.filters.headers.SecurityHeadersFilter
    play.filters.hosts.AllowedHostsFilter
    play.filters.csrf.CSRFFilter

2017-12-02 19:28:43,683 [INFO] from play.api.Play in play-dev-mode-akka.actor.default-dispatcher-30 - Application started (Dev)
2017-12-02 19:28:59,415 [INFO] from application in play-dev-mode-akka.actor.default-dispatcher-28 - Shutting down connection pool.
2017-12-02 19:28:59,541 [WARN] from application in play-dev-mode-akka.actor.default-dispatcher-28 - application.conf @ file:/C:/Users/551br/Documents/Repos/play/primero/target/scala-2.12/classes/application.conf: 7: user is deprecated, use username instead
2017-12-02 19:28:59,541 [WARN] from application in play-dev-mode-akka.actor.default-dispatcher-28 - application.conf @ file:/C:/Users/551br/Documents/Repos/play/primero/target/scala-2.12/classes/application.conf: 8: pass is deprecated, use password instead
2017-12-02 19:28:59,541 [INFO] from application in play-dev-mode-akka.actor.default-dispatcher-28 - Creating Pool for datasource 'default'
2017-12-02 19:28:59,579 [INFO] from play.api.db.HikariCPConnectionPool in play-dev-mode-akka.actor.default-dispatcher-28 - datasource [default] bound to JNDI as DefaultDS
2017-12-02 19:28:59,579 [INFO] from play.api.db.DefaultDBApi in play-dev-mode-akka.actor.default-dispatcher-28 - Database [default] connected at jdbc:postgresql://localhost:5432/AppDb
2017-12-02 19:28:59,710 [WARN] from org.hibernate.validator.messageinterpolation.ParameterMessageInterpolator in play-dev-mode-akka.actor.default-dispatcher-28 - HV000184: ParameterMessageInterpolator has been chosen, EL interpolation will not be supported
2017-12-02 19:28:59,721 [INFO] from play.api.http.EnabledFilters in play-dev-mode-akka.actor.default-dispatcher-28 - Enabled Filters (see <https://www.playframework.com/documentation/latest/Filters>):

    play.filters.csrf.CSRFFilter
    play.filters.headers.SecurityHeadersFilter
    play.filters.hosts.AllowedHostsFilter
    play.filters.csrf.CSRFFilter

2017-12-02 19:28:59,722 [INFO] from play.api.Play in play-dev-mode-akka.actor.default-dispatcher-28 - Application started (Dev)
2017-12-02 21:32:30,250 [INFO] from application in play-dev-mode-akka.actor.default-dispatcher-73 - Shutting down connection pool.
2017-12-02 21:32:30,381 [WARN] from application in play-dev-mode-akka.actor.default-dispatcher-73 - application.conf @ file:/C:/Users/551br/Documents/Repos/play/primero/target/scala-2.12/classes/application.conf: 7: user is deprecated, use username instead
2017-12-02 21:32:30,381 [WARN] from application in play-dev-mode-akka.actor.default-dispatcher-73 - application.conf @ file:/C:/Users/551br/Documents/Repos/play/primero/target/scala-2.12/classes/application.conf: 8: pass is deprecated, use password instead
2017-12-02 21:32:30,381 [INFO] from application in play-dev-mode-akka.actor.default-dispatcher-73 - Creating Pool for datasource 'default'
2017-12-02 21:32:30,423 [INFO] from play.api.db.HikariCPConnectionPool in play-dev-mode-akka.actor.default-dispatcher-73 - datasource [default] bound to JNDI as DefaultDS
2017-12-02 21:32:30,423 [INFO] from play.api.db.DefaultDBApi in play-dev-mode-akka.actor.default-dispatcher-73 - Database [default] connected at jdbc:postgresql://localhost:5432/AppDb
2017-12-02 21:32:30,579 [WARN] from org.hibernate.validator.messageinterpolation.ParameterMessageInterpolator in play-dev-mode-akka.actor.default-dispatcher-73 - HV000184: ParameterMessageInterpolator has been chosen, EL interpolation will not be supported
2017-12-02 21:32:30,594 [INFO] from play.api.http.EnabledFilters in play-dev-mode-akka.actor.default-dispatcher-73 - Enabled Filters (see <https://www.playframework.com/documentation/latest/Filters>):

    play.filters.csrf.CSRFFilter
    play.filters.headers.SecurityHeadersFilter
    play.filters.hosts.AllowedHostsFilter
    play.filters.csrf.CSRFFilter

2017-12-02 21:32:30,595 [INFO] from play.api.Play in play-dev-mode-akka.actor.default-dispatcher-73 - Application started (Dev)
2017-12-02 21:33:24,220 [INFO] from application in play-dev-mode-akka.actor.default-dispatcher-86 - Shutting down connection pool.
2017-12-02 21:33:24,325 [WARN] from application in play-dev-mode-akka.actor.default-dispatcher-86 - application.conf @ file:/C:/Users/551br/Documents/Repos/play/primero/target/scala-2.12/classes/application.conf: 7: user is deprecated, use username instead
2017-12-02 21:33:24,325 [WARN] from application in play-dev-mode-akka.actor.default-dispatcher-86 - application.conf @ file:/C:/Users/551br/Documents/Repos/play/primero/target/scala-2.12/classes/application.conf: 8: pass is deprecated, use password instead
2017-12-02 21:33:24,325 [INFO] from application in play-dev-mode-akka.actor.default-dispatcher-86 - Creating Pool for datasource 'default'
2017-12-02 21:33:24,355 [INFO] from play.api.db.HikariCPConnectionPool in play-dev-mode-akka.actor.default-dispatcher-86 - datasource [default] bound to JNDI as DefaultDS
2017-12-02 21:33:24,355 [INFO] from play.api.db.DefaultDBApi in play-dev-mode-akka.actor.default-dispatcher-86 - Database [default] connected at jdbc:postgresql://localhost:5432/AppDb
2017-12-02 21:33:24,489 [WARN] from org.hibernate.validator.messageinterpolation.ParameterMessageInterpolator in play-dev-mode-akka.actor.default-dispatcher-86 - HV000184: ParameterMessageInterpolator has been chosen, EL interpolation will not be supported
2017-12-02 21:33:24,496 [INFO] from play.api.http.EnabledFilters in play-dev-mode-akka.actor.default-dispatcher-86 - Enabled Filters (see <https://www.playframework.com/documentation/latest/Filters>):

    play.filters.csrf.CSRFFilter
    play.filters.headers.SecurityHeadersFilter
    play.filters.hosts.AllowedHostsFilter
    play.filters.csrf.CSRFFilter

2017-12-02 21:33:24,496 [INFO] from play.api.Play in play-dev-mode-akka.actor.default-dispatcher-86 - Application started (Dev)
2017-12-02 21:33:57,570 [INFO] from application in play-dev-mode-akka.actor.default-dispatcher-88 - Shutting down connection pool.
2017-12-02 21:33:57,650 [WARN] from application in play-dev-mode-akka.actor.default-dispatcher-88 - application.conf @ file:/C:/Users/551br/Documents/Repos/play/primero/target/scala-2.12/classes/application.conf: 7: user is deprecated, use username instead
2017-12-02 21:33:57,650 [WARN] from application in play-dev-mode-akka.actor.default-dispatcher-88 - application.conf @ file:/C:/Users/551br/Documents/Repos/play/primero/target/scala-2.12/classes/application.conf: 8: pass is deprecated, use password instead
2017-12-02 21:33:57,650 [INFO] from application in play-dev-mode-akka.actor.default-dispatcher-88 - Creating Pool for datasource 'default'
2017-12-02 21:33:57,680 [INFO] from play.api.db.HikariCPConnectionPool in play-dev-mode-akka.actor.default-dispatcher-88 - datasource [default] bound to JNDI as DefaultDS
2017-12-02 21:33:57,680 [INFO] from play.api.db.DefaultDBApi in play-dev-mode-akka.actor.default-dispatcher-88 - Database [default] connected at jdbc:postgresql://localhost:5432/AppDb
2017-12-02 21:33:57,819 [WARN] from org.hibernate.validator.messageinterpolation.ParameterMessageInterpolator in play-dev-mode-akka.actor.default-dispatcher-88 - HV000184: ParameterMessageInterpolator has been chosen, EL interpolation will not be supported
2017-12-02 21:33:57,827 [INFO] from play.api.http.EnabledFilters in play-dev-mode-akka.actor.default-dispatcher-88 - Enabled Filters (see <https://www.playframework.com/documentation/latest/Filters>):

    play.filters.csrf.CSRFFilter
    play.filters.headers.SecurityHeadersFilter
    play.filters.hosts.AllowedHostsFilter
    play.filters.csrf.CSRFFilter

2017-12-02 21:33:57,827 [INFO] from play.api.Play in play-dev-mode-akka.actor.default-dispatcher-88 - Application started (Dev)
2017-12-02 21:34:07,398 [ERROR] from application in application-akka.actor.default-dispatcher-3 - 

! @767af33op - Internal server error, for (POST) [/songs/create?csrfToken=f091708b05f0bc7a05c80ef3e2fd42f69c0223f6-1512268445828-cf95eff211ca3f3214b135a1] ->
 
play.api.http.HttpErrorHandlerExceptions$$anon$1: Execution exception[[DuplicateKeyException: Error[ERROR: duplicate key value violates unique constraint "pk_song"   Detail: Key (id)=(1) already exists.]]]
	at play.api.http.HttpErrorHandlerExceptions$.throwableToUsefulException(HttpErrorHandler.scala:255)
	at play.api.http.DefaultHttpErrorHandler.onServerError(HttpErrorHandler.scala:182)
	at play.core.server.AkkaHttpServer$$anonfun$$nestedInanonfun$executeHandler$1$1.applyOrElse(AkkaHttpServer.scala:251)
	at play.core.server.AkkaHttpServer$$anonfun$$nestedInanonfun$executeHandler$1$1.applyOrElse(AkkaHttpServer.scala:250)
	at scala.concurrent.Future.$anonfun$recoverWith$1(Future.scala:412)
	at scala.concurrent.impl.Promise.$anonfun$transformWith$1(Promise.scala:37)
	at scala.concurrent.impl.CallbackRunnable.run(Promise.scala:60)
	at play.api.libs.streams.Execution$trampoline$.executeScheduled(Execution.scala:109)
	at play.api.libs.streams.Execution$trampoline$.execute(Execution.scala:71)
	at scala.concurrent.impl.CallbackRunnable.executeWithValue(Promise.scala:68)
	at scala.concurrent.impl.Promise$DefaultPromise.$anonfun$tryComplete$1(Promise.scala:284)
	at scala.concurrent.impl.Promise$DefaultPromise.$anonfun$tryComplete$1$adapted(Promise.scala:284)
	at scala.concurrent.impl.Promise$DefaultPromise.tryComplete(Promise.scala:284)
	at scala.concurrent.impl.Promise$DefaultPromise.link(Promise.scala:337)
	at scala.concurrent.impl.Promise$DefaultPromise.linkRootOf(Promise.scala:322)
	at scala.concurrent.impl.Promise.$anonfun$transformWith$1(Promise.scala:39)
	at scala.concurrent.impl.CallbackRunnable.run(Promise.scala:60)
	at akka.dispatch.BatchingExecutor$AbstractBatch.processBatch(BatchingExecutor.scala:55)
	at akka.dispatch.BatchingExecutor$BlockableBatch.$anonfun$run$1(BatchingExecutor.scala:91)
	at scala.runtime.java8.JFunction0$mcV$sp.apply(JFunction0$mcV$sp.java:12)
	at scala.concurrent.BlockContext$.withBlockContext(BlockContext.scala:81)
	at akka.dispatch.BatchingExecutor$BlockableBatch.run(BatchingExecutor.scala:91)
	at akka.dispatch.TaskInvocation.run(AbstractDispatcher.scala:40)
	at akka.dispatch.ForkJoinExecutorConfigurator$AkkaForkJoinTask.exec(ForkJoinExecutorConfigurator.scala:43)
	at akka.dispatch.forkjoin.ForkJoinTask.doExec(ForkJoinTask.java:260)
	at akka.dispatch.forkjoin.ForkJoinPool$WorkQueue.runTask(ForkJoinPool.java:1339)
	at akka.dispatch.forkjoin.ForkJoinPool.runWorker(ForkJoinPool.java:1979)
	at akka.dispatch.forkjoin.ForkJoinWorkerThread.run(ForkJoinWorkerThread.java:107)
Caused by: io.ebean.DuplicateKeyException: Error[ERROR: duplicate key value violates unique constraint "pk_song"   Detail: Key (id)=(1) already exists.]
	at io.ebean.config.dbplatform.SqlCodeTranslator.translate(SqlCodeTranslator.java:42)
	at io.ebean.config.dbplatform.DatabasePlatform.translate(DatabasePlatform.java:188)
	at io.ebeaninternal.server.persist.dml.DmlBeanPersister.execute(DmlBeanPersister.java:83)
	at io.ebeaninternal.server.persist.dml.DmlBeanPersister.insert(DmlBeanPersister.java:49)
	at io.ebeaninternal.server.core.PersistRequestBean.executeInsert(PersistRequestBean.java:1080)
	at io.ebeaninternal.server.core.PersistRequestBean.executeNow(PersistRequestBean.java:661)
	at io.ebeaninternal.server.core.PersistRequestBean.executeOrQueue(PersistRequestBean.java:707)
	at io.ebeaninternal.server.persist.DefaultPersister.insert(DefaultPersister.java:456)
	at io.ebeaninternal.server.persist.DefaultPersister.insert(DefaultPersister.java:406)
	at io.ebeaninternal.server.persist.DefaultPersister.save(DefaultPersister.java:393)
	at io.ebeaninternal.server.core.DefaultServer.save(DefaultServer.java:1569)
	at io.ebeaninternal.server.core.DefaultServer.save(DefaultServer.java:1561)
	at io.ebean.Model.save(Model.java:190)
	at controllers.SongController.save(SongController.java:43)
	at router.Routes$$anonfun$routes$1.$anonfun$applyOrElse$10(Routes.scala:274)
	at play.core.routing.HandlerInvokerFactory$$anon$3.resultCall(HandlerInvoker.scala:136)
	at play.core.routing.HandlerInvokerFactory$$anon$3.resultCall(HandlerInvoker.scala:135)
	at play.core.routing.HandlerInvokerFactory$JavaActionInvokerFactory$$anon$8$$anon$2$$anon$1.invocation(HandlerInvoker.scala:110)
	at play.core.j.JavaAction$$anon$1.call(JavaAction.scala:78)
	at play.http.DefaultActionCreator$1.call(DefaultActionCreator.java:31)
	at play.core.j.JavaAction.$anonfun$apply$2(JavaAction.scala:113)
	at scala.concurrent.Future$.$anonfun$apply$1(Future.scala:653)
	at scala.util.Success.$anonfun$map$1(Try.scala:251)
	at scala.util.Success.map(Try.scala:209)
	at scala.concurrent.Future.$anonfun$map$1(Future.scala:287)
	at scala.concurrent.impl.Promise.liftedTree1$1(Promise.scala:29)
	at scala.concurrent.impl.Promise.$anonfun$transform$1(Promise.scala:29)
	at scala.concurrent.impl.CallbackRunnable.run(Promise.scala:60)
	at play.core.j.HttpExecutionContext$$anon$2.run(HttpExecutionContext.scala:56)
	at play.api.libs.streams.Execution$trampoline$.execute(Execution.scala:70)
	at play.core.j.HttpExecutionContext.execute(HttpExecutionContext.scala:48)
	at scala.concurrent.impl.CallbackRunnable.executeWithValue(Promise.scala:68)
	at scala.concurrent.impl.Promise$KeptPromise$Kept.onComplete(Promise.scala:368)
	at scala.concurrent.impl.Promise$KeptPromise$Kept.onComplete$(Promise.scala:367)
	at scala.concurrent.impl.Promise$KeptPromise$Successful.onComplete(Promise.scala:375)
	at scala.concurrent.impl.Promise.transform(Promise.scala:29)
	at scala.concurrent.impl.Promise.transform$(Promise.scala:27)
	at scala.concurrent.impl.Promise$KeptPromise$Successful.transform(Promise.scala:375)
	at scala.concurrent.Future.map(Future.scala:287)
	at scala.concurrent.Future.map$(Future.scala:287)
	at scala.concurrent.impl.Promise$KeptPromise$Successful.map(Promise.scala:375)
	at scala.concurrent.Future$.apply(Future.scala:653)
	at play.core.j.JavaAction.apply(JavaAction.scala:113)
	at play.api.mvc.Action.$anonfun$apply$2(Action.scala:96)
	at scala.concurrent.Future.$anonfun$flatMap$1(Future.scala:302)
	at scala.concurrent.impl.Promise.$anonfun$transformWith$1(Promise.scala:37)
	... 12 common frames omitted
Caused by: org.postgresql.util.PSQLException: ERROR: duplicate key value violates unique constraint "pk_song"
  Detail: Key (id)=(1) already exists.
	at org.postgresql.core.v3.QueryExecutorImpl.receiveErrorResponse(QueryExecutorImpl.java:2182)
	at org.postgresql.core.v3.QueryExecutorImpl.processResults(QueryExecutorImpl.java:1911)
	at org.postgresql.core.v3.QueryExecutorImpl.execute(QueryExecutorImpl.java:173)
	at org.postgresql.jdbc2.AbstractJdbc2Statement.execute(AbstractJdbc2Statement.java:645)
	at org.postgresql.jdbc2.AbstractJdbc2Statement.executeWithFlags(AbstractJdbc2Statement.java:495)
	at org.postgresql.jdbc2.AbstractJdbc2Statement.executeUpdate(AbstractJdbc2Statement.java:441)
	at com.zaxxer.hikari.pool.ProxyPreparedStatement.executeUpdate(ProxyPreparedStatement.java:61)
	at com.zaxxer.hikari.pool.HikariProxyPreparedStatement.executeUpdate(HikariProxyPreparedStatement.java)
	at io.ebeaninternal.server.type.DataBind.executeUpdate(DataBind.java:82)
	at io.ebeaninternal.server.persist.dml.InsertHandler.execute(InsertHandler.java:122)
	at io.ebeaninternal.server.persist.dml.DmlBeanPersister.execute(DmlBeanPersister.java:73)
	... 55 common frames omitted
